Сборка начата 22.11.2024 17:17:42.
Уровень детализации журнала: Normal.     1>Проект "D:\лабы\node\lab13\lab13-cpp\ClientU\ClientU.vcxproj" в узле 2 (целевые объекты Build).
     1>PrepareForBuild:
         Структурированный вывод включен. Форматирование диагностики компилятора будет отражать иерархию ошибок. Подробнее см. https://aka.ms/cpp/structured-output.
       InitializeBuildStatus:
         Обращение к "x64\Debug\ClientU.tlog\unsuccessfulbuild".
       ClCompile:
         C:\Program Files\Microsoft Visual Studio\2022\Community\VC\Tools\MSVC\14.38.33130\bin\HostX64\x64\CL.exe /c /ZI /JMC /nologo /W3 /WX- /diagnostics:column /sdl /Od /D _DEBUG /D _CONSOLE /D _UNICODE /D UNICODE /Gm- /EHsc /RTC1 /MDd /GS /fp:precise /Zc:wchar_t /Zc:forScope /Zc:inline /permissive- /Fo"x64\Debug\\" /Fd"x64\Debug\vc143.pdb" /external:W3 /Gd /TP /FC /errorReport:prompt ClientU.cpp
         ClientU.cpp
     1>D:\лабы\node\lab13\lab13-cpp\ClientU\ClientU.cpp(44,61): warning C4267: аргумент: преобразование из "size_t" в "int"; возможна потеря данных
     1>D:\лабы\node\lab13\lab13-cpp\ClientU\ClientU.cpp(37,24): warning C4101: end: неиспользованная локальная переменная
     1>D:\лабы\node\lab13\lab13-cpp\ClientU\ClientU.cpp(37,17): warning C4101: start: неиспользованная локальная переменная
       Link:
         C:\Program Files\Microsoft Visual Studio\2022\Community\VC\Tools\MSVC\14.38.33130\bin\HostX64\x64\link.exe /ERRORREPORT:PROMPT /OUT:"D:\лабы\node\lab13\lab13-cpp\x64\Debug\ClientU.exe" /INCREMENTAL /ILK:"x64\Debug\ClientU.ilk" /NOLOGO kernel32.lib user32.lib gdi32.lib winspool.lib comdlg32.lib advapi32.lib shell32.lib ole32.lib oleaut32.lib uuid.lib odbc32.lib odbccp32.lib /MANIFEST /MANIFESTUAC:"level='asInvoker' uiAccess='false'" /manifest:embed /DEBUG /PDB:"D:\лабы\node\lab13\lab13-cpp\x64\Debug\ClientU.pdb" /SUBSYSTEM:CONSOLE /TLBID:1 /DYNAMICBASE /NXCOMPAT /IMPLIB:"D:\лабы\node\lab13\lab13-cpp\x64\Debug\ClientU.lib" /MACHINE:X64 x64\Debug\ClientU.obj
         LINK : не найден или не выполнена сборка D:\лабы\node\lab13\lab13-cpp\x64\Debug\ClientU.exe при последней инкрементной компоновке; выполняется полная компоновка
         ClientU.vcxproj -> D:\лабы\node\lab13\lab13-cpp\x64\Debug\ClientU.exe
       TlogCleanup:
         Следующие элементы будут удалены из tlogs, так как они были удалены из проекта или сборки: D:\лабы\псп\lab3\lab3\ClientU\ClientU.cpp.
       FinalizeBuildStatus:
         Файл "x64\Debug\ClientU.tlog\unsuccessfulbuild" удаляется.
         Обращение к "x64\Debug\ClientU.tlog\ClientU.lastbuildstate".
     1>Сборка проекта "D:\лабы\node\lab13\lab13-cpp\ClientU\ClientU.vcxproj" завершена (целевые объекты Build).

Сборка успешно завершена.

       "D:\лабы\node\lab13\lab13-cpp\ClientU\ClientU.vcxproj" (целевой объект Build ) (1) ->
       (Целевой объект ClCompile) -> 
         D:\лабы\node\lab13\lab13-cpp\ClientU\ClientU.cpp(44,61): warning C4267: аргумент: преобразование из "size_t" в "int"; возможна потеря данных
         D:\лабы\node\lab13\lab13-cpp\ClientU\ClientU.cpp(37,24): warning C4101: end: неиспользованная локальная переменная
         D:\лабы\node\lab13\lab13-cpp\ClientU\ClientU.cpp(37,17): warning C4101: start: неиспользованная локальная переменная

    Предупреждений: 3
    Ошибок: 0

Прошло времени 00:00:02.13
