Using pre-set license
Built from '2022.3/staging' branch; Version is '2022.3.19f1 (244b723c30a6) revision 2378610'; Using compiler version '192829333'; Build Type 'Release'
OS: 'Windows 10  (10.0.19045) 64bit CoreSingleLanguage' Language: 'ru' Physical Memory: 16149 MB
BatchMode: 1, IsHumanControllingUs: 0, StartBugReporterOnCrash: 0, Is64bit: 1, IsPro: 1

COMMAND LINE ARGUMENTS:
D:\unity\2022.3.19f1\Editor\Unity.exe
-adb2
-batchMode
-noUpm
-name
AssetImportWorker0
-projectPath
D:/unity/progs/Lab5
-logFile
Logs/AssetImportWorker0.log
-srvPort
60105
Successfully changed project path to: D:/unity/progs/Lab5
D:/unity/progs/Lab5
[UnityMemory] Configuration Parameters - Can be set up in boot.config
    "memorysetup-bucket-allocator-granularity=16"
    "memorysetup-bucket-allocator-bucket-count=8"
    "memorysetup-bucket-allocator-block-size=33554432"
    "memorysetup-bucket-allocator-block-count=8"
    "memorysetup-main-allocator-block-size=16777216"
    "memorysetup-thread-allocator-block-size=16777216"
    "memorysetup-gfx-main-allocator-block-size=16777216"
    "memorysetup-gfx-thread-allocator-block-size=16777216"
    "memorysetup-cache-allocator-block-size=4194304"
    "memorysetup-typetree-allocator-block-size=2097152"
    "memorysetup-profiler-bucket-allocator-granularity=16"
    "memorysetup-profiler-bucket-allocator-bucket-count=8"
    "memorysetup-profiler-bucket-allocator-block-size=33554432"
    "memorysetup-profiler-bucket-allocator-block-count=8"
    "memorysetup-profiler-allocator-block-size=16777216"
    "memorysetup-profiler-editor-allocator-block-size=1048576"
    "memorysetup-temp-allocator-size-main=16777216"
    "memorysetup-job-temp-allocator-block-size=2097152"
    "memorysetup-job-temp-allocator-block-size-background=1048576"
    "memorysetup-job-temp-allocator-reduction-small-platforms=262144"
    "memorysetup-allocator-temp-initial-block-size-main=262144"
    "memorysetup-allocator-temp-initial-block-size-worker=262144"
    "memorysetup-temp-allocator-size-background-worker=32768"
    "memorysetup-temp-allocator-size-job-worker=262144"
    "memorysetup-temp-allocator-size-preload-manager=33554432"
    "memorysetup-temp-allocator-size-nav-mesh-worker=65536"
    "memorysetup-temp-allocator-size-audio-worker=65536"
    "memorysetup-temp-allocator-size-cloud-worker=32768"
    "memorysetup-temp-allocator-size-gi-baking-worker=262144"
    "memorysetup-temp-allocator-size-gfx=262144"
Player connection [3908] Host "[IP] 26.250.169.146 [Port] 0 [Flags] 2 [Guid] 3107439926 [EditorId] 3107439926 [Version] 1048832 [Id] WindowsEditor(7,Yara) [Debug] 1 [PackageName] WindowsEditor [ProjectName] Editor" joined multi-casting on [225.0.0.222:54997]...

Player connection [3908] Host "[IP] 26.250.169.146 [Port] 0 [Flags] 2 [Guid] 3107439926 [EditorId] 3107439926 [Version] 1048832 [Id] WindowsEditor(7,Yara) [Debug] 1 [PackageName] WindowsEditor [ProjectName] Editor" joined alternative multi-casting on [225.0.0.222:34997]...

[Physics::Module] Initialized MultithreadedJobDispatcher with 7 workers.
Refreshing native plugins compatible for Editor in 19.86 ms, found 3 plugins.
Preloading 0 native plugins for Editor in 0.00 ms.
Initialize engine version: 2022.3.19f1 (244b723c30a6)
[Subsystems] Discovering subsystems at path D:/unity/2022.3.19f1/Editor/Data/Resources/UnitySubsystems
[Subsystems] Discovering subsystems at path D:/unity/progs/Lab5/Assets
GfxDevice: creating device client; threaded=0; jobified=0
Direct3D:
    Version:  Direct3D 11.0 [level 11.1]
    Renderer: NVIDIA GeForce MX350 (ID=0x1c94)
    Vendor:   NVIDIA
    VRAM:     1964 MB
    Driver:   32.0.15.5613
Initialize mono
Mono path[0] = 'D:/unity/2022.3.19f1/Editor/Data/Managed'
Mono path[1] = 'D:/unity/2022.3.19f1/Editor/Data/MonoBleedingEdge/lib/mono/unityjit-win32'
Mono config path = 'D:/unity/2022.3.19f1/Editor/Data/MonoBleedingEdge/etc'
Using monoOptions --debugger-agent=transport=dt_socket,embedding=1,server=y,suspend=n,address=127.0.0.1:56772
Begin MonoManager ReloadAssembly
Registering precompiled unity dll's ...
Register platform support module: D:/unity/2022.3.19f1/Editor/Data/PlaybackEngines/WebGLSupport/UnityEditor.WebGL.Extensions.dll
Register platform support module: D:/unity/2022.3.19f1/Editor/Data/PlaybackEngines/AndroidPlayer/UnityEditor.Android.Extensions.dll
Register platform support module: D:/unity/2022.3.19f1/Editor/Data/PlaybackEngines/WindowsStandaloneSupport/UnityEditor.WindowsStandalone.Extensions.dll
Register platform support module: D:/unity/2022.3.19f1/Editor/Data/PlaybackEngines/MetroSupport/UnityEditor.UWP.Extensions.dll
Registered in 0.021095 seconds.
- Loaded All Assemblies, in  1.420 seconds
Native extension for UWP target not found
Native extension for WindowsStandalone target not found
Native extension for Android target not found
Android Extension - Scanning For ADB Devices 1004 ms
Native extension for WebGL target not found
Mono: successfully reloaded assembly
- Finished resetting the current domain, in  2.563 seconds
Domain Reload Profiling: 3983ms
	BeginReloadAssembly (382ms)
		ExecutionOrderSort (0ms)
		DisableScriptedObjects (0ms)
		BackupInstance (0ms)
		ReleaseScriptingObjects (0ms)
		CreateAndSetChildDomain (3ms)
	RebuildCommonClasses (140ms)
	RebuildNativeTypeToScriptingClass (48ms)
	initialDomainReloadingComplete (197ms)
	LoadAllAssembliesAndSetupDomain (652ms)
		LoadAssemblies (383ms)
		RebuildTransferFunctionScriptingTraits (0ms)
		AnalyzeDomain (642ms)
			TypeCache.Refresh (636ms)
				TypeCache.ScanAssembly (582ms)
			ScanForSourceGeneratedMonoScriptInfo (1ms)
			ResolveRequiredComponents (3ms)
	FinalizeReload (2564ms)
		ReleaseScriptCaches (0ms)
		RebuildScriptCaches (0ms)
		SetupLoadedEditorAssemblies (2291ms)
			LogAssemblyErrors (0ms)
			InitializePlatformSupportModulesInManaged (1510ms)
			SetLoadedEditorAssemblies (17ms)
			RefreshPlugins (0ms)
			BeforeProcessingInitializeOnLoad (7ms)
			ProcessInitializeOnLoadAttributes (549ms)
			ProcessInitializeOnLoadMethodAttributes (206ms)
			AfterProcessingInitializeOnLoad (0ms)
			EditorAssembliesLoaded (0ms)
		ExecutionOrderSort2 (0ms)
		AwakeInstancesAfterBackupRestoration (0ms)
========================================================================
Worker process is ready to serve import requests
Begin MonoManager ReloadAssembly
- Loaded All Assemblies, in  2.407 seconds
Refreshing native plugins compatible for Editor in 6.24 ms, found 3 plugins.
Native extension for UWP target not found
Native extension for WindowsStandalone target not found
Native extension for Android target not found
Native extension for WebGL target not found
Package Manager log level set to [2]
[Package Manager] Server::EnsureServerProcessIsRunning -- launch failed, reason: Unity was launched with the -noUpm command-line argument
[Package Manager] UpmClient::Send -- Unable to send message (not connected to UPM process).
[Package Manager] Cannot connect to Unity Package Manager local server
Mono: successfully reloaded assembly
- Finished resetting the current domain, in  2.745 seconds
Domain Reload Profiling: 5149ms
	BeginReloadAssembly (567ms)
		ExecutionOrderSort (0ms)
		DisableScriptedObjects (23ms)
		BackupInstance (0ms)
		ReleaseScriptingObjects (0ms)
		CreateAndSetChildDomain (80ms)
	RebuildCommonClasses (157ms)
	RebuildNativeTypeToScriptingClass (53ms)
	initialDomainReloadingComplete (173ms)
	LoadAllAssembliesAndSetupDomain (1453ms)
		LoadAssemblies (972ms)
		RebuildTransferFunctionScriptingTraits (0ms)
		AnalyzeDomain (815ms)
			TypeCache.Refresh (713ms)
				TypeCache.ScanAssembly (644ms)
			ScanForSourceGeneratedMonoScriptInfo (77ms)
			ResolveRequiredComponents (21ms)
	FinalizeReload (2747ms)
		ReleaseScriptCaches (0ms)
		RebuildScriptCaches (0ms)
		SetupLoadedEditorAssemblies (2127ms)
			LogAssemblyErrors (0ms)
			InitializePlatformSupportModulesInManaged (110ms)
			SetLoadedEditorAssemblies (17ms)
			RefreshPlugins (0ms)
			BeforeProcessingInitializeOnLoad (234ms)
			ProcessInitializeOnLoadAttributes (1675ms)
			ProcessInitializeOnLoadMethodAttributes (79ms)
			AfterProcessingInitializeOnLoad (11ms)
			EditorAssembliesLoaded (1ms)
		ExecutionOrderSort2 (0ms)
		AwakeInstancesAfterBackupRestoration (28ms)
Shader '/Vefects/SH_Vefects_Extra_Grid_01': fallback shader 'Hidden/Shader Graph/FallbackError' not found
Shader 'SH_Vefects_VFX_URP_Fire_Flames_01': fallback shader 'Hidden/Shader Graph/FallbackError' not found
Shader 'SH_Vefects_VFX_URP_Heat_Haze_01': fallback shader 'Hidden/Shader Graph/FallbackError' not found
Shader '/Vefects/SH_Vefects_Extra_Billboard_01': fallback shader 'Hidden/Shader Graph/FallbackError' not found
Shader 'SH_Vefects_VFX_URP_Particles_Erosion_01': fallback shader 'Hidden/Shader Graph/FallbackError' not found
Shader 'SH_Vefects_VFX_URP_Fire_Flames_01': fallback shader 'Hidden/Shader Graph/FallbackError' not found
Shader '/Vefects/SH_Vefects_Extra_Grid_01': fallback shader 'Hidden/Shader Graph/FallbackError' not found
Shader 'SH_Vefects_VFX_URP_Particles_Erosion_01': fallback shader 'Hidden/Shader Graph/FallbackError' not found
Shader '/Vefects/SH_Vefects_Extra_Billboard_01': fallback shader 'Hidden/Shader Graph/FallbackError' not found
Shader 'SH_Vefects_VFX_URP_Heat_Haze_01': fallback shader 'Hidden/Shader Graph/FallbackError' not found
Launched and connected shader compiler UnityShaderCompiler.exe after 0.15 seconds
Refreshing native plugins compatible for Editor in 3.69 ms, found 3 plugins.
Preloading 0 native plugins for Editor in 0.00 ms.
Unloading 3251 Unused Serialized files (Serialized files now loaded: 0)
Unloading 49 unused Assets / (2.9 MB). Loaded Objects now: 3726.
Memory consumption went from 156.5 MB to 153.6 MB.
Total: 8.213700 ms (FindLiveObjects: 0.912900 ms CreateObjectMapping: 0.578200 ms MarkObjects: 5.620200 ms  DeleteObjects: 1.097100 ms)

AssetImportParameters requested are different than current active one (requested -> active):
  custom:container-demuxer-ogg: 62fdf1f143b41e24485cea50d1cbac27 -> 
  custom:video-decoder-ogg-theora: a1e56fd34408186e4bbccfd4996cb3dc -> 
  custom:framework-win-MediaFoundation: 216162199b28c13a410421893ffa2e32 -> 
  custom:CustomObjectIndexerAttribute: 6d391050e5a25f67b0a2c618074f2cd9 -> 
  custom:container-demuxer-webm: 4f35f7cbe854078d1ac9338744f61a02 -> 
  custom:container-muxer-webm: aa71ff27fc2769a1b78a27578f13a17b -> 
  custom:video-decoder-webm-vp8: 9c59270c3fd7afecdb556c50c9e8de78 -> 
  custom:SearchIndexIgnoredProperties: e643bd26f0fe6173181afceb89e7c659 -> 
  custom:AudioImporter_EditorPlatform: d09bf68614088b80899f8185d706f6e7 -> 
  custom:video-encoder-webm-vp8: eb34c28f22e8b96e1ab97ce403110664 -> 
  custom:audio-decoder-ogg-vorbis: bf7c407c2cedff20999df2af8eb42d56 -> 
  custom:audio-encoder-webm-vorbis: bf7c407c2cedff20999df2af8eb42d56 -> 
========================================================================
Received Import Request.
  Time since last request: 414271.128808 seconds.
  path: Assets/True Explosions/System
  artifactKey: Guid(7acf1e38c4278e54883c48d8986ddcbf) Importer(815301076,1909f56bfc062723c751e8b465ee728b)
Start importing Assets/True Explosions/System using Guid(7acf1e38c4278e54883c48d8986ddcbf) Importer(815301076,1909f56bfc062723c751e8b465ee728b)  -> (artifact id: '0fc85766ff8d9ff07fa33710b33ab535') in 0.006897 seconds
Number of updated asset objects reloaded before import = 0
Number of asset objects unloaded after import = 0
========================================================================
Received Import Request.
  Time since last request: 0.000047 seconds.
  path: Assets/True Explosions/System/Textures/explosionramp.png
  artifactKey: Guid(0a0ba9435f219a14c902e555e87b746d) Importer(815301076,1909f56bfc062723c751e8b465ee728b)
Start importing Assets/True Explosions/System/Textures/explosionramp.png using Guid(0a0ba9435f219a14c902e555e87b746d) Importer(815301076,1909f56bfc062723c751e8b465ee728b)  -> (artifact id: '24c17cd280041d0d349ba0faa376c07b') in 0.150981 seconds
Number of updated asset objects reloaded before import = 0
Number of asset objects unloaded after import = 2
========================================================================
Received Import Request.
  Time since last request: 0.000052 seconds.
  path: Assets/True Explosions/System/Textures
  artifactKey: Guid(4b805b362e4a0954cb24af4439ada219) Importer(815301076,1909f56bfc062723c751e8b465ee728b)
Start importing Assets/True Explosions/System/Textures using Guid(4b805b362e4a0954cb24af4439ada219) Importer(815301076,1909f56bfc062723c751e8b465ee728b)  -> (artifact id: '5d1251da54813faa0b5dc0c72f23b31b') in 0.001936 seconds
Number of updated asset objects reloaded before import = 0
Number of asset objects unloaded after import = 0
========================================================================
Received Import Request.
  Time since last request: 0.000048 seconds.
  path: Assets/True Explosions/System/Textures/fireball.psd
  artifactKey: Guid(028c11450244e4feabe6828fc2ec3e03) Importer(815301076,1909f56bfc062723c751e8b465ee728b)
Start importing Assets/True Explosions/System/Textures/fireball.psd using Guid(028c11450244e4feabe6828fc2ec3e03) Importer(815301076,1909f56bfc062723c751e8b465ee728b)  -> (artifact id: '354db451a784e6d05cf656727599d5f5') in 0.026711 seconds
Number of updated asset objects reloaded before import = 0
Number of asset objects unloaded after import = 2
========================================================================
Received Import Request.
  Time since last request: 0.000090 seconds.
  path: Assets/True Explosions/System/Textures/wave.png
  artifactKey: Guid(b318c672b5c0b0947aad8afa4d9ee1b6) Importer(815301076,1909f56bfc062723c751e8b465ee728b)
Start importing Assets/True Explosions/System/Textures/wave.png using Guid(b318c672b5c0b0947aad8afa4d9ee1b6) Importer(815301076,1909f56bfc062723c751e8b465ee728b)  -> (artifact id: 'c656281e0c3be514df31f57a54851a4d') in 0.027898 seconds
Number of updated asset objects reloaded before import = 0
Number of asset objects unloaded after import = 2
========================================================================
Received Import Request.
  Time since last request: 6.066561 seconds.
  path: Assets/True Explosions/System/Materials/Fireball.mat
  artifactKey: Guid(877c63386b82d0b459bbae3685d04291) Importer(815301076,1909f56bfc062723c751e8b465ee728b)
Start importing Assets/True Explosions/System/Materials/Fireball.mat using Guid(877c63386b82d0b459bbae3685d04291) Importer(815301076,1909f56bfc062723c751e8b465ee728b)  -> (artifact id: '64f53e58919d7414d145831914296c64') in 0.135214 seconds
Number of updated asset objects reloaded before import = 0
Number of asset objects unloaded after import = 2
========================================================================
Received Import Request.
  Time since last request: 0.000066 seconds.
  path: Assets/True Explosions/System/Materials
  artifactKey: Guid(3b3c909bdc8d90649b723e5a8fab74b7) Importer(815301076,1909f56bfc062723c751e8b465ee728b)
Start importing Assets/True Explosions/System/Materials using Guid(3b3c909bdc8d90649b723e5a8fab74b7) Importer(815301076,1909f56bfc062723c751e8b465ee728b)  -> (artifact id: '5a3d8c669ea19691f41b81745d84e9de') in 0.001258 seconds
Number of updated asset objects reloaded before import = 0
Number of asset objects unloaded after import = 0
========================================================================
Received Import Request.
  Time since last request: 0.000225 seconds.
  path: Assets/True Explosions/System/Materials/Smoke.mat
  artifactKey: Guid(aa97ce4670bef2a4ea36da479afcc588) Importer(815301076,1909f56bfc062723c751e8b465ee728b)
Start importing Assets/True Explosions/System/Materials/Smoke.mat using Guid(aa97ce4670bef2a4ea36da479afcc588) Importer(815301076,1909f56bfc062723c751e8b465ee728b)  -> (artifact id: '617daa38fb894f818e90647354dfcaec') in 0.021381 seconds
Number of updated asset objects reloaded before import = 0
Number of asset objects unloaded after import = 2
========================================================================
Received Import Request.
  Time since last request: 37.389793 seconds.
  path: Assets/True Explosions/System/Prefabs/Explosion.prefab
  artifactKey: Guid(15ca5b8fa431dc04291a79cadcd19874) Importer(815301076,1909f56bfc062723c751e8b465ee728b)
Start importing Assets/True Explosions/System/Prefabs/Explosion.prefab using Guid(15ca5b8fa431dc04291a79cadcd19874) Importer(815301076,1909f56bfc062723c751e8b465ee728b)  -> (artifact id: '6a75e574b91f746beec0ea7ec73ad6db') in 0.090177 seconds
Number of updated asset objects reloaded before import = 0
Number of asset objects unloaded after import = 22
========================================================================
Received Import Request.
  Time since last request: 0.000185 seconds.
  path: Assets/True Explosions/System/Prefabs/Volumetric.prefab
  artifactKey: Guid(5d028565f79e270408884b995abc06ef) Importer(815301076,1909f56bfc062723c751e8b465ee728b)
Start importing Assets/True Explosions/System/Prefabs/Volumetric.prefab using Guid(5d028565f79e270408884b995abc06ef) Importer(815301076,1909f56bfc062723c751e8b465ee728b)  -> (artifact id: '2654222840e62d6cad86bc088a00a3be') in 0.415896 seconds
Number of updated asset objects reloaded before import = 0
Number of asset objects unloaded after import = 11
========================================================================
Received Import Request.
  Time since last request: 2.844125 seconds.
  path: Assets/Missile.prefab
  artifactKey: Guid(58051c1668dedd442b63e591d9373493) Importer(815301076,1909f56bfc062723c751e8b465ee728b)
Start importing Assets/Missile.prefab using Guid(58051c1668dedd442b63e591d9373493) Importer(815301076,1909f56bfc062723c751e8b465ee728b)  -> (artifact id: 'cb5d2964381ee5503d4d6837fab9e445') in 0.076986 seconds
Number of updated asset objects reloaded before import = 0
Number of asset objects unloaded after import = 31
========================================================================
Received Prepare
Begin MonoManager ReloadAssembly
- Loaded All Assemblies, in  1.414 seconds
Refreshing native plugins compatible for Editor in 7.61 ms, found 3 plugins.
Native extension for UWP target not found
Native extension for WindowsStandalone target not found
Native extension for Android target not found
Native extension for WebGL target not found
[Package Manager] Server::EnsureServerProcessIsRunning -- launch failed, reason: Unity was launched with the -noUpm command-line argument
[Package Manager] UpmClient::Send -- Unable to send message (not connected to UPM process).
[Package Manager] Cannot connect to Unity Package Manager local server
Mono: successfully reloaded assembly
- Finished resetting the current domain, in  2.739 seconds
Domain Reload Profiling: 4152ms
	BeginReloadAssembly (578ms)
		ExecutionOrderSort (0ms)
		DisableScriptedObjects (16ms)
		BackupInstance (0ms)
		ReleaseScriptingObjects (0ms)
		CreateAndSetChildDomain (134ms)
	RebuildCommonClasses (135ms)
	RebuildNativeTypeToScriptingClass (36ms)
	initialDomainReloadingComplete (87ms)
	LoadAllAssembliesAndSetupDomain (576ms)
		LoadAssemblies (889ms)
		RebuildTransferFunctionScriptingTraits (0ms)
		AnalyzeDomain (37ms)
			TypeCache.Refresh (14ms)
				TypeCache.ScanAssembly (0ms)
			ScanForSourceGeneratedMonoScriptInfo (0ms)
			ResolveRequiredComponents (19ms)
	FinalizeReload (2740ms)
		ReleaseScriptCaches (0ms)
		RebuildScriptCaches (0ms)
		SetupLoadedEditorAssemblies (1486ms)
			LogAssemblyErrors (0ms)
			InitializePlatformSupportModulesInManaged (74ms)
			SetLoadedEditorAssemblies (9ms)
			RefreshPlugins (0ms)
			BeforeProcessingInitializeOnLoad (178ms)
			ProcessInitializeOnLoadAttributes (1146ms)
			ProcessInitializeOnLoadMethodAttributes (69ms)
			AfterProcessingInitializeOnLoad (10ms)
			EditorAssembliesLoaded (1ms)
		ExecutionOrderSort2 (0ms)
		AwakeInstancesAfterBackupRestoration (20ms)
Shader '/Vefects/SH_Vefects_Extra_Grid_01': fallback shader 'Hidden/Shader Graph/FallbackError' not found
Shader 'SH_Vefects_VFX_URP_Fire_Flames_01': fallback shader 'Hidden/Shader Graph/FallbackError' not found
Shader 'SH_Vefects_VFX_URP_Heat_Haze_01': fallback shader 'Hidden/Shader Graph/FallbackError' not found
Shader '/Vefects/SH_Vefects_Extra_Billboard_01': fallback shader 'Hidden/Shader Graph/FallbackError' not found
Shader 'SH_Vefects_VFX_URP_Particles_Erosion_01': fallback shader 'Hidden/Shader Graph/FallbackError' not found
Shader '/Vefects/SH_Vefects_Extra_Billboard_01': fallback shader 'Hidden/Shader Graph/FallbackError' not found
Shader 'SH_Vefects_VFX_URP_Fire_Flames_01': fallback shader 'Hidden/Shader Graph/FallbackError' not found
Shader 'SH_Vefects_VFX_URP_Heat_Haze_01': fallback shader 'Hidden/Shader Graph/FallbackError' not found
Shader 'SH_Vefects_VFX_URP_Particles_Erosion_01': fallback shader 'Hidden/Shader Graph/FallbackError' not found
Shader '/Vefects/SH_Vefects_Extra_Grid_01': fallback shader 'Hidden/Shader Graph/FallbackError' not found
Refreshing native plugins compatible for Editor in 5.22 ms, found 3 plugins.
Preloading 0 native plugins for Editor in 0.00 ms.
Unloading 3214 Unused Serialized files (Serialized files now loaded: 0)
Unloading 40 unused Assets / (2.9 MB). Loaded Objects now: 3773.
Memory consumption went from 150.2 MB to 147.4 MB.
Total: 8.319900 ms (FindLiveObjects: 0.398500 ms CreateObjectMapping: 0.274400 ms MarkObjects: 6.380200 ms  DeleteObjects: 1.264500 ms)

Prepare: number of updated asset objects reloaded= 0
AssetImportParameters requested are different than current active one (requested -> active):
  custom:container-demuxer-ogg: 62fdf1f143b41e24485cea50d1cbac27 -> 
  custom:video-decoder-ogg-theora: a1e56fd34408186e4bbccfd4996cb3dc -> 
  custom:framework-win-MediaFoundation: 216162199b28c13a410421893ffa2e32 -> 
  custom:CustomObjectIndexerAttribute: 6d391050e5a25f67b0a2c618074f2cd9 -> 
  custom:container-demuxer-webm: 4f35f7cbe854078d1ac9338744f61a02 -> 
  custom:container-muxer-webm: aa71ff27fc2769a1b78a27578f13a17b -> 
  custom:video-decoder-webm-vp8: 9c59270c3fd7afecdb556c50c9e8de78 -> 
  custom:SearchIndexIgnoredProperties: e643bd26f0fe6173181afceb89e7c659 -> 
  custom:AudioImporter_EditorPlatform: d09bf68614088b80899f8185d706f6e7 -> 
  custom:video-encoder-webm-vp8: eb34c28f22e8b96e1ab97ce403110664 -> 
  custom:audio-decoder-ogg-vorbis: bf7c407c2cedff20999df2af8eb42d56 -> 
  custom:audio-encoder-webm-vorbis: bf7c407c2cedff20999df2af8eb42d56 -> 
========================================================================
Received Prepare
Shader '/Vefects/SH_Vefects_Extra_Grid_01': fallback shader 'Hidden/Shader Graph/FallbackError' not found
Shader 'SH_Vefects_VFX_URP_Fire_Flames_01': fallback shader 'Hidden/Shader Graph/FallbackError' not found
Shader 'SH_Vefects_VFX_URP_Heat_Haze_01': fallback shader 'Hidden/Shader Graph/FallbackError' not found
Shader '/Vefects/SH_Vefects_Extra_Billboard_01': fallback shader 'Hidden/Shader Graph/FallbackError' not found
Shader 'SH_Vefects_VFX_URP_Particles_Erosion_01': fallback shader 'Hidden/Shader Graph/FallbackError' not found
Shader 'SH_Vefects_VFX_URP_Heat_Haze_01': fallback shader 'Hidden/Shader Graph/FallbackError' not found
Shader 'SH_Vefects_VFX_URP_Particles_Erosion_01': fallback shader 'Hidden/Shader Graph/FallbackError' not found
Shader 'SH_Vefects_VFX_URP_Fire_Flames_01': fallback shader 'Hidden/Shader Graph/FallbackError' not found
Shader '/Vefects/SH_Vefects_Extra_Billboard_01': fallback shader 'Hidden/Shader Graph/FallbackError' not found
Shader '/Vefects/SH_Vefects_Extra_Grid_01': fallback shader 'Hidden/Shader Graph/FallbackError' not found
Refreshing native plugins compatible for Editor in 10.46 ms, found 3 plugins.
Preloading 0 native plugins for Editor in 0.00 ms.
Unloading 18 Unused Serialized files (Serialized files now loaded: 0)
Unloading 18 unused Assets / (2.8 MB). Loaded Objects now: 3773.
Memory consumption went from 101.2 MB to 98.3 MB.
Total: 15.402300 ms (FindLiveObjects: 0.932700 ms CreateObjectMapping: 1.249400 ms MarkObjects: 11.044600 ms  DeleteObjects: 2.172400 ms)

Prepare: number of updated asset objects reloaded= 0
AssetImportParameters requested are different than current active one (requested -> active):
  custom:container-demuxer-ogg: 62fdf1f143b41e24485cea50d1cbac27 -> 
  custom:video-decoder-ogg-theora: a1e56fd34408186e4bbccfd4996cb3dc -> 
  custom:framework-win-MediaFoundation: 216162199b28c13a410421893ffa2e32 -> 
  custom:CustomObjectIndexerAttribute: 6d391050e5a25f67b0a2c618074f2cd9 -> 
  custom:container-demuxer-webm: 4f35f7cbe854078d1ac9338744f61a02 -> 
  custom:container-muxer-webm: aa71ff27fc2769a1b78a27578f13a17b -> 
  custom:video-decoder-webm-vp8: 9c59270c3fd7afecdb556c50c9e8de78 -> 
  custom:SearchIndexIgnoredProperties: e643bd26f0fe6173181afceb89e7c659 -> 
  custom:AudioImporter_EditorPlatform: d09bf68614088b80899f8185d706f6e7 -> 
  custom:video-encoder-webm-vp8: eb34c28f22e8b96e1ab97ce403110664 -> 
  custom:audio-decoder-ogg-vorbis: bf7c407c2cedff20999df2af8eb42d56 -> 
  custom:audio-encoder-webm-vorbis: bf7c407c2cedff20999df2af8eb42d56 -> 
