Using pre-set license
Built from '2022.3/staging' branch; Version is '2022.3.19f1 (244b723c30a6) revision 2378610'; Using compiler version '192829333'; Build Type 'Release'
OS: 'Windows 10  (10.0.19045) 64bit CoreSingleLanguage' Language: 'ru' Physical Memory: 16149 MB
BatchMode: 1, IsHumanControllingUs: 0, StartBugReporterOnCrash: 0, Is64bit: 1, IsPro: 1

COMMAND LINE ARGUMENTS:
D:\unity\2022.3.19f1\Editor\Unity.exe
-adb2
-batchMode
-noUpm
-name
AssetImportWorker1
-projectPath
D:/unity/progs/Lab5
-logFile
Logs/AssetImportWorker1.log
-srvPort
60105
Successfully changed project path to: D:/unity/progs/Lab5
D:/unity/progs/Lab5
[UnityMemory] Configuration Parameters - Can be set up in boot.config
    "memorysetup-bucket-allocator-granularity=16"
    "memorysetup-bucket-allocator-bucket-count=8"
    "memorysetup-bucket-allocator-block-size=33554432"
    "memorysetup-bucket-allocator-block-count=8"
    "memorysetup-main-allocator-block-size=16777216"
    "memorysetup-thread-allocator-block-size=16777216"
    "memorysetup-gfx-main-allocator-block-size=16777216"
    "memorysetup-gfx-thread-allocator-block-size=16777216"
    "memorysetup-cache-allocator-block-size=4194304"
    "memorysetup-typetree-allocator-block-size=2097152"
    "memorysetup-profiler-bucket-allocator-granularity=16"
    "memorysetup-profiler-bucket-allocator-bucket-count=8"
    "memorysetup-profiler-bucket-allocator-block-size=33554432"
    "memorysetup-profiler-bucket-allocator-block-count=8"
    "memorysetup-profiler-allocator-block-size=16777216"
    "memorysetup-profiler-editor-allocator-block-size=1048576"
    "memorysetup-temp-allocator-size-main=16777216"
    "memorysetup-job-temp-allocator-block-size=2097152"
    "memorysetup-job-temp-allocator-block-size-background=1048576"
    "memorysetup-job-temp-allocator-reduction-small-platforms=262144"
    "memorysetup-allocator-temp-initial-block-size-main=262144"
    "memorysetup-allocator-temp-initial-block-size-worker=262144"
    "memorysetup-temp-allocator-size-background-worker=32768"
    "memorysetup-temp-allocator-size-job-worker=262144"
    "memorysetup-temp-allocator-size-preload-manager=33554432"
    "memorysetup-temp-allocator-size-nav-mesh-worker=65536"
    "memorysetup-temp-allocator-size-audio-worker=65536"
    "memorysetup-temp-allocator-size-cloud-worker=32768"
    "memorysetup-temp-allocator-size-gi-baking-worker=262144"
    "memorysetup-temp-allocator-size-gfx=262144"
Player connection [20244] Host "[IP] 26.250.169.146 [Port] 0 [Flags] 2 [Guid] 3061668896 [EditorId] 3061668896 [Version] 1048832 [Id] WindowsEditor(7,Yara) [Debug] 1 [PackageName] WindowsEditor [ProjectName] Editor" joined multi-casting on [225.0.0.222:54997]...

Player connection [20244] Host "[IP] 26.250.169.146 [Port] 0 [Flags] 2 [Guid] 3061668896 [EditorId] 3061668896 [Version] 1048832 [Id] WindowsEditor(7,Yara) [Debug] 1 [PackageName] WindowsEditor [ProjectName] Editor" joined alternative multi-casting on [225.0.0.222:34997]...

[Physics::Module] Initialized MultithreadedJobDispatcher with 7 workers.
Refreshing native plugins compatible for Editor in 22.18 ms, found 3 plugins.
Preloading 0 native plugins for Editor in 0.00 ms.
Initialize engine version: 2022.3.19f1 (244b723c30a6)
[Subsystems] Discovering subsystems at path D:/unity/2022.3.19f1/Editor/Data/Resources/UnitySubsystems
[Subsystems] Discovering subsystems at path D:/unity/progs/Lab5/Assets
GfxDevice: creating device client; threaded=0; jobified=0
Direct3D:
    Version:  Direct3D 11.0 [level 11.1]
    Renderer: NVIDIA GeForce MX350 (ID=0x1c94)
    Vendor:   NVIDIA
    VRAM:     1964 MB
    Driver:   32.0.15.5613
Initialize mono
Mono path[0] = 'D:/unity/2022.3.19f1/Editor/Data/Managed'
Mono path[1] = 'D:/unity/2022.3.19f1/Editor/Data/MonoBleedingEdge/lib/mono/unityjit-win32'
Mono config path = 'D:/unity/2022.3.19f1/Editor/Data/MonoBleedingEdge/etc'
Using monoOptions --debugger-agent=transport=dt_socket,embedding=1,server=y,suspend=n,address=127.0.0.1:56796
Begin MonoManager ReloadAssembly
Registering precompiled unity dll's ...
Register platform support module: D:/unity/2022.3.19f1/Editor/Data/PlaybackEngines/WebGLSupport/UnityEditor.WebGL.Extensions.dll
Register platform support module: D:/unity/2022.3.19f1/Editor/Data/PlaybackEngines/AndroidPlayer/UnityEditor.Android.Extensions.dll
Register platform support module: D:/unity/2022.3.19f1/Editor/Data/PlaybackEngines/WindowsStandaloneSupport/UnityEditor.WindowsStandalone.Extensions.dll
Register platform support module: D:/unity/2022.3.19f1/Editor/Data/PlaybackEngines/MetroSupport/UnityEditor.UWP.Extensions.dll
Registered in 0.025141 seconds.
- Loaded All Assemblies, in  1.348 seconds
Native extension for UWP target not found
Native extension for WindowsStandalone target not found
Native extension for Android target not found
Android Extension - Scanning For ADB Devices 1023 ms
Native extension for WebGL target not found
Mono: successfully reloaded assembly
- Finished resetting the current domain, in  2.578 seconds
Domain Reload Profiling: 3927ms
	BeginReloadAssembly (373ms)
		ExecutionOrderSort (0ms)
		DisableScriptedObjects (0ms)
		BackupInstance (0ms)
		ReleaseScriptingObjects (0ms)
		CreateAndSetChildDomain (3ms)
	RebuildCommonClasses (122ms)
	RebuildNativeTypeToScriptingClass (43ms)
	initialDomainReloadingComplete (204ms)
	LoadAllAssembliesAndSetupDomain (605ms)
		LoadAssemblies (371ms)
		RebuildTransferFunctionScriptingTraits (0ms)
		AnalyzeDomain (599ms)
			TypeCache.Refresh (591ms)
				TypeCache.ScanAssembly (541ms)
			ScanForSourceGeneratedMonoScriptInfo (2ms)
			ResolveRequiredComponents (3ms)
	FinalizeReload (2579ms)
		ReleaseScriptCaches (0ms)
		RebuildScriptCaches (0ms)
		SetupLoadedEditorAssemblies (2299ms)
			LogAssemblyErrors (0ms)
			InitializePlatformSupportModulesInManaged (1513ms)
			SetLoadedEditorAssemblies (16ms)
			RefreshPlugins (0ms)
			BeforeProcessingInitializeOnLoad (8ms)
			ProcessInitializeOnLoadAttributes (561ms)
			ProcessInitializeOnLoadMethodAttributes (201ms)
			AfterProcessingInitializeOnLoad (0ms)
			EditorAssembliesLoaded (0ms)
		ExecutionOrderSort2 (0ms)
		AwakeInstancesAfterBackupRestoration (0ms)
========================================================================
Worker process is ready to serve import requests
Begin MonoManager ReloadAssembly
- Loaded All Assemblies, in  2.375 seconds
Refreshing native plugins compatible for Editor in 9.57 ms, found 3 plugins.
Native extension for UWP target not found
Native extension for WindowsStandalone target not found
Native extension for Android target not found
Native extension for WebGL target not found
Package Manager log level set to [2]
[Package Manager] Server::EnsureServerProcessIsRunning -- launch failed, reason: Unity was launched with the -noUpm command-line argument
[Package Manager] UpmClient::Send -- Unable to send message (not connected to UPM process).
[Package Manager] Cannot connect to Unity Package Manager local server
Mono: successfully reloaded assembly
- Finished resetting the current domain, in  2.799 seconds
Domain Reload Profiling: 5173ms
	BeginReloadAssembly (560ms)
		ExecutionOrderSort (0ms)
		DisableScriptedObjects (24ms)
		BackupInstance (0ms)
		ReleaseScriptingObjects (0ms)
		CreateAndSetChildDomain (72ms)
	RebuildCommonClasses (139ms)
	RebuildNativeTypeToScriptingClass (45ms)
	initialDomainReloadingComplete (177ms)
	LoadAllAssembliesAndSetupDomain (1452ms)
		LoadAssemblies (988ms)
		RebuildTransferFunctionScriptingTraits (0ms)
		AnalyzeDomain (794ms)
			TypeCache.Refresh (694ms)
				TypeCache.ScanAssembly (633ms)
			ScanForSourceGeneratedMonoScriptInfo (80ms)
			ResolveRequiredComponents (16ms)
	FinalizeReload (2800ms)
		ReleaseScriptCaches (0ms)
		RebuildScriptCaches (0ms)
		SetupLoadedEditorAssemblies (2134ms)
			LogAssemblyErrors (0ms)
			InitializePlatformSupportModulesInManaged (104ms)
			SetLoadedEditorAssemblies (12ms)
			RefreshPlugins (0ms)
			BeforeProcessingInitializeOnLoad (243ms)
			ProcessInitializeOnLoadAttributes (1676ms)
			ProcessInitializeOnLoadMethodAttributes (89ms)
			AfterProcessingInitializeOnLoad (10ms)
			EditorAssembliesLoaded (0ms)
		ExecutionOrderSort2 (0ms)
		AwakeInstancesAfterBackupRestoration (23ms)
Shader '/Vefects/SH_Vefects_Extra_Grid_01': fallback shader 'Hidden/Shader Graph/FallbackError' not found
Shader 'SH_Vefects_VFX_URP_Fire_Flames_01': fallback shader 'Hidden/Shader Graph/FallbackError' not found
Shader 'SH_Vefects_VFX_URP_Heat_Haze_01': fallback shader 'Hidden/Shader Graph/FallbackError' not found
Shader '/Vefects/SH_Vefects_Extra_Billboard_01': fallback shader 'Hidden/Shader Graph/FallbackError' not found
Shader 'SH_Vefects_VFX_URP_Particles_Erosion_01': fallback shader 'Hidden/Shader Graph/FallbackError' not found
Shader 'SH_Vefects_VFX_URP_Particles_Erosion_01': fallback shader 'Hidden/Shader Graph/FallbackError' not found
Shader '/Vefects/SH_Vefects_Extra_Billboard_01': fallback shader 'Hidden/Shader Graph/FallbackError' not found
Shader 'SH_Vefects_VFX_URP_Heat_Haze_01': fallback shader 'Hidden/Shader Graph/FallbackError' not found
Shader '/Vefects/SH_Vefects_Extra_Grid_01': fallback shader 'Hidden/Shader Graph/FallbackError' not found
Shader 'SH_Vefects_VFX_URP_Fire_Flames_01': fallback shader 'Hidden/Shader Graph/FallbackError' not found
Launched and connected shader compiler UnityShaderCompiler.exe after 0.16 seconds
Refreshing native plugins compatible for Editor in 10.79 ms, found 3 plugins.
Preloading 0 native plugins for Editor in 0.00 ms.
Unloading 3251 Unused Serialized files (Serialized files now loaded: 0)
Unloading 49 unused Assets / (2.9 MB). Loaded Objects now: 3726.
Memory consumption went from 156.4 MB to 153.5 MB.
Total: 7.921200 ms (FindLiveObjects: 0.376800 ms CreateObjectMapping: 0.342900 ms MarkObjects: 5.605100 ms  DeleteObjects: 1.594000 ms)

AssetImportParameters requested are different than current active one (requested -> active):
  custom:container-demuxer-ogg: 62fdf1f143b41e24485cea50d1cbac27 -> 
  custom:video-decoder-ogg-theora: a1e56fd34408186e4bbccfd4996cb3dc -> 
  custom:framework-win-MediaFoundation: 216162199b28c13a410421893ffa2e32 -> 
  custom:CustomObjectIndexerAttribute: 6d391050e5a25f67b0a2c618074f2cd9 -> 
  custom:container-demuxer-webm: 4f35f7cbe854078d1ac9338744f61a02 -> 
  custom:container-muxer-webm: aa71ff27fc2769a1b78a27578f13a17b -> 
  custom:video-decoder-webm-vp8: 9c59270c3fd7afecdb556c50c9e8de78 -> 
  custom:SearchIndexIgnoredProperties: e643bd26f0fe6173181afceb89e7c659 -> 
  custom:AudioImporter_EditorPlatform: d09bf68614088b80899f8185d706f6e7 -> 
  custom:video-encoder-webm-vp8: eb34c28f22e8b96e1ab97ce403110664 -> 
  custom:audio-decoder-ogg-vorbis: bf7c407c2cedff20999df2af8eb42d56 -> 
  custom:audio-encoder-webm-vorbis: bf7c407c2cedff20999df2af8eb42d56 -> 
========================================================================
Received Import Request.
  Time since last request: 414271.129516 seconds.
  path: Assets/ImpactSounds
  artifactKey: Guid(738a5f784eb178443a2c9c31b5ecdc45) Importer(815301076,1909f56bfc062723c751e8b465ee728b)
Start importing Assets/ImpactSounds using Guid(738a5f784eb178443a2c9c31b5ecdc45) Importer(815301076,1909f56bfc062723c751e8b465ee728b)  -> (artifact id: '2a473aab9be59380d15960a532bec207') in 0.007137 seconds
Number of updated asset objects reloaded before import = 0
Number of asset objects unloaded after import = 0
========================================================================
Received Import Request.
  Time since last request: 0.000066 seconds.
  path: Assets/True Explosions/System/Textures/smoke.tif
  artifactKey: Guid(08f28e42a647e2a4cbd32e793359aa3c) Importer(815301076,1909f56bfc062723c751e8b465ee728b)
Start importing Assets/True Explosions/System/Textures/smoke.tif using Guid(08f28e42a647e2a4cbd32e793359aa3c) Importer(815301076,1909f56bfc062723c751e8b465ee728b)  -> (artifact id: '54a93041b93debab5e0d3f1327c30a91') in 0.156741 seconds
Number of updated asset objects reloaded before import = 0
Number of asset objects unloaded after import = 2
========================================================================
Received Import Request.
  Time since last request: 0.000046 seconds.
  path: Assets/True Explosions/System/Textures/fire4.psd
  artifactKey: Guid(8e3ff3e27ca4bc54dda56e89e0550dfa) Importer(815301076,1909f56bfc062723c751e8b465ee728b)
Start importing Assets/True Explosions/System/Textures/fire4.psd using Guid(8e3ff3e27ca4bc54dda56e89e0550dfa) Importer(815301076,1909f56bfc062723c751e8b465ee728b)  -> (artifact id: 'e40d76c55bd22e3efdeaddbb5122767a') in 0.025297 seconds
Number of updated asset objects reloaded before import = 0
Number of asset objects unloaded after import = 2
========================================================================
Received Import Request.
  Time since last request: 0.000068 seconds.
  path: Assets/True Explosions/System/Textures/volumetricDisplacement.png
  artifactKey: Guid(d13e70c39a64a78478d2cb5474c15d91) Importer(815301076,1909f56bfc062723c751e8b465ee728b)
Start importing Assets/True Explosions/System/Textures/volumetricDisplacement.png using Guid(d13e70c39a64a78478d2cb5474c15d91) Importer(815301076,1909f56bfc062723c751e8b465ee728b)  -> (artifact id: 'ddf99cb2b386e9ef8e0a9efff94889db') in 0.030568 seconds
Number of updated asset objects reloaded before import = 0
Number of asset objects unloaded after import = 2
========================================================================
Received Import Request.
  Time since last request: 6.066352 seconds.
  path: Assets/True Explosions/System/Materials/Shokwave.mat
  artifactKey: Guid(49543379e552fdd41a61aae15deb4ebc) Importer(815301076,1909f56bfc062723c751e8b465ee728b)
Start importing Assets/True Explosions/System/Materials/Shokwave.mat using Guid(49543379e552fdd41a61aae15deb4ebc) Importer(815301076,1909f56bfc062723c751e8b465ee728b)  -> (artifact id: '7674db8b83a718616a1371ee71816222') in 0.122775 seconds
Number of updated asset objects reloaded before import = 0
Number of asset objects unloaded after import = 2
========================================================================
Received Import Request.
  Time since last request: 0.000075 seconds.
  path: Assets/True Explosions/System/Materials/VolumeExplosion.mat
  artifactKey: Guid(7798d374be4d1db4882b9c2ae24b92d4) Importer(815301076,1909f56bfc062723c751e8b465ee728b)
Start importing Assets/True Explosions/System/Materials/VolumeExplosion.mat using Guid(7798d374be4d1db4882b9c2ae24b92d4) Importer(815301076,1909f56bfc062723c751e8b465ee728b)  -> (artifact id: '8af4dc5b173917d668db82604f9d6aa7') in 0.354201 seconds
Number of updated asset objects reloaded before import = 0
Number of asset objects unloaded after import = 3
========================================================================
Received Import Request.
  Time since last request: 37.072165 seconds.
  path: Assets/True Explosions/System/Prefabs/Explosion2D.prefab
  artifactKey: Guid(fb1312d91b8716042b1151f9b514fc16) Importer(815301076,1909f56bfc062723c751e8b465ee728b)
Start importing Assets/True Explosions/System/Prefabs/Explosion2D.prefab using Guid(fb1312d91b8716042b1151f9b514fc16) Importer(815301076,1909f56bfc062723c751e8b465ee728b)  -> (artifact id: 'fc929a49a7a9264990c119010ed411b0') in 0.093955 seconds
Number of updated asset objects reloaded before import = 0
Number of asset objects unloaded after import = 22
========================================================================
Received Import Request.
  Time since last request: 0.000046 seconds.
  path: Assets/True Explosions/System/Prefabs/Point light.prefab
  artifactKey: Guid(88c2fe3d0885d2e429d1c8ca39b51040) Importer(815301076,1909f56bfc062723c751e8b465ee728b)
Start importing Assets/True Explosions/System/Prefabs/Point light.prefab using Guid(88c2fe3d0885d2e429d1c8ca39b51040) Importer(815301076,1909f56bfc062723c751e8b465ee728b)  -> (artifact id: 'cc0f9e12d5be508fc6286bf10c1e8d1d') in 0.006170 seconds
Number of updated asset objects reloaded before import = 0
Number of asset objects unloaded after import = 5
========================================================================
Received Import Request.
  Time since last request: 0.000057 seconds.
  path: Assets/True Explosions/System/Prefabs/SampleParticleSystem.prefab
  artifactKey: Guid(7afc0330cbd9f6f488a7de84f3c3ff55) Importer(815301076,1909f56bfc062723c751e8b465ee728b)
Start importing Assets/True Explosions/System/Prefabs/SampleParticleSystem.prefab using Guid(7afc0330cbd9f6f488a7de84f3c3ff55) Importer(815301076,1909f56bfc062723c751e8b465ee728b)  -> (artifact id: 'd1367a41cc7593748aeedc040c194630') in 0.088782 seconds
Number of updated asset objects reloaded before import = 0
Number of asset objects unloaded after import = 6
========================================================================
Received Import Request.
  Time since last request: 0.000065 seconds.
  path: Assets/True Explosions/System/Prefabs/SphereSource.fbx
  artifactKey: Guid(2bcedf6ab1ab43342b61cd44b4e51ba6) Importer(815301076,1909f56bfc062723c751e8b465ee728b)
Start importing Assets/True Explosions/System/Prefabs/SphereSource.fbx using Guid(2bcedf6ab1ab43342b61cd44b4e51ba6) Importer(815301076,1909f56bfc062723c751e8b465ee728b)  -> (artifact id: 'db189b475ef4e122d27e9b34addcb2d8') in 0.131884 seconds
Number of updated asset objects reloaded before import = 0
Number of asset objects unloaded after import = 7
========================================================================
Received Prepare
Begin MonoManager ReloadAssembly
- Loaded All Assemblies, in  1.393 seconds
Refreshing native plugins compatible for Editor in 5.56 ms, found 3 plugins.
Native extension for UWP target not found
Native extension for WindowsStandalone target not found
Native extension for Android target not found
Native extension for WebGL target not found
[Package Manager] Server::EnsureServerProcessIsRunning -- launch failed, reason: Unity was launched with the -noUpm command-line argument
[Package Manager] UpmClient::Send -- Unable to send message (not connected to UPM process).
[Package Manager] Cannot connect to Unity Package Manager local server
Mono: successfully reloaded assembly
- Finished resetting the current domain, in  2.760 seconds
Domain Reload Profiling: 4154ms
	BeginReloadAssembly (579ms)
		ExecutionOrderSort (0ms)
		DisableScriptedObjects (24ms)
		BackupInstance (0ms)
		ReleaseScriptingObjects (0ms)
		CreateAndSetChildDomain (118ms)
	RebuildCommonClasses (126ms)
	RebuildNativeTypeToScriptingClass (38ms)
	initialDomainReloadingComplete (85ms)
	LoadAllAssembliesAndSetupDomain (563ms)
		LoadAssemblies (865ms)
		RebuildTransferFunctionScriptingTraits (0ms)
		AnalyzeDomain (35ms)
			TypeCache.Refresh (16ms)
				TypeCache.ScanAssembly (0ms)
			ScanForSourceGeneratedMonoScriptInfo (1ms)
			ResolveRequiredComponents (15ms)
	FinalizeReload (2763ms)
		ReleaseScriptCaches (0ms)
		RebuildScriptCaches (0ms)
		SetupLoadedEditorAssemblies (1507ms)
			LogAssemblyErrors (0ms)
			InitializePlatformSupportModulesInManaged (81ms)
			SetLoadedEditorAssemblies (11ms)
			RefreshPlugins (0ms)
			BeforeProcessingInitializeOnLoad (179ms)
			ProcessInitializeOnLoadAttributes (1161ms)
			ProcessInitializeOnLoadMethodAttributes (66ms)
			AfterProcessingInitializeOnLoad (7ms)
			EditorAssembliesLoaded (0ms)
		ExecutionOrderSort2 (0ms)
		AwakeInstancesAfterBackupRestoration (21ms)
Shader '/Vefects/SH_Vefects_Extra_Grid_01': fallback shader 'Hidden/Shader Graph/FallbackError' not found
Shader 'SH_Vefects_VFX_URP_Fire_Flames_01': fallback shader 'Hidden/Shader Graph/FallbackError' not found
Shader 'SH_Vefects_VFX_URP_Heat_Haze_01': fallback shader 'Hidden/Shader Graph/FallbackError' not found
Shader '/Vefects/SH_Vefects_Extra_Billboard_01': fallback shader 'Hidden/Shader Graph/FallbackError' not found
Shader 'SH_Vefects_VFX_URP_Particles_Erosion_01': fallback shader 'Hidden/Shader Graph/FallbackError' not found
Shader 'SH_Vefects_VFX_URP_Particles_Erosion_01': fallback shader 'Hidden/Shader Graph/FallbackError' not found
Shader 'SH_Vefects_VFX_URP_Fire_Flames_01': fallback shader 'Hidden/Shader Graph/FallbackError' not found
Shader 'SH_Vefects_VFX_URP_Heat_Haze_01': fallback shader 'Hidden/Shader Graph/FallbackError' not found
Shader '/Vefects/SH_Vefects_Extra_Grid_01': fallback shader 'Hidden/Shader Graph/FallbackError' not found
Shader '/Vefects/SH_Vefects_Extra_Billboard_01': fallback shader 'Hidden/Shader Graph/FallbackError' not found
Refreshing native plugins compatible for Editor in 4.05 ms, found 3 plugins.
Preloading 0 native plugins for Editor in 0.00 ms.
Unloading 3214 Unused Serialized files (Serialized files now loaded: 0)
Unloading 41 unused Assets / (2.9 MB). Loaded Objects now: 3775.
Memory consumption went from 150.3 MB to 147.4 MB.
Total: 8.592500 ms (FindLiveObjects: 0.550000 ms CreateObjectMapping: 0.281500 ms MarkObjects: 5.581300 ms  DeleteObjects: 2.177600 ms)

Prepare: number of updated asset objects reloaded= 0
AssetImportParameters requested are different than current active one (requested -> active):
  custom:container-demuxer-ogg: 62fdf1f143b41e24485cea50d1cbac27 -> 
  custom:video-decoder-ogg-theora: a1e56fd34408186e4bbccfd4996cb3dc -> 
  custom:framework-win-MediaFoundation: 216162199b28c13a410421893ffa2e32 -> 
  custom:CustomObjectIndexerAttribute: 6d391050e5a25f67b0a2c618074f2cd9 -> 
  custom:container-demuxer-webm: 4f35f7cbe854078d1ac9338744f61a02 -> 
  custom:container-muxer-webm: aa71ff27fc2769a1b78a27578f13a17b -> 
  custom:video-decoder-webm-vp8: 9c59270c3fd7afecdb556c50c9e8de78 -> 
  custom:SearchIndexIgnoredProperties: e643bd26f0fe6173181afceb89e7c659 -> 
  custom:AudioImporter_EditorPlatform: d09bf68614088b80899f8185d706f6e7 -> 
  custom:video-encoder-webm-vp8: eb34c28f22e8b96e1ab97ce403110664 -> 
  custom:audio-decoder-ogg-vorbis: bf7c407c2cedff20999df2af8eb42d56 -> 
  custom:audio-encoder-webm-vorbis: bf7c407c2cedff20999df2af8eb42d56 -> 
========================================================================
Received Prepare
Shader '/Vefects/SH_Vefects_Extra_Grid_01': fallback shader 'Hidden/Shader Graph/FallbackError' not found
Shader 'SH_Vefects_VFX_URP_Fire_Flames_01': fallback shader 'Hidden/Shader Graph/FallbackError' not found
Shader 'SH_Vefects_VFX_URP_Heat_Haze_01': fallback shader 'Hidden/Shader Graph/FallbackError' not found
Shader '/Vefects/SH_Vefects_Extra_Billboard_01': fallback shader 'Hidden/Shader Graph/FallbackError' not found
Shader 'SH_Vefects_VFX_URP_Particles_Erosion_01': fallback shader 'Hidden/Shader Graph/FallbackError' not found
Shader 'SH_Vefects_VFX_URP_Fire_Flames_01': fallback shader 'Hidden/Shader Graph/FallbackError' not found
Shader '/Vefects/SH_Vefects_Extra_Billboard_01': fallback shader 'Hidden/Shader Graph/FallbackError' not found
Shader 'SH_Vefects_VFX_URP_Heat_Haze_01': fallback shader 'Hidden/Shader Graph/FallbackError' not found
Shader '/Vefects/SH_Vefects_Extra_Grid_01': fallback shader 'Hidden/Shader Graph/FallbackError' not found
Shader 'SH_Vefects_VFX_URP_Particles_Erosion_01': fallback shader 'Hidden/Shader Graph/FallbackError' not found
Refreshing native plugins compatible for Editor in 6.62 ms, found 3 plugins.
Preloading 0 native plugins for Editor in 0.00 ms.
Unloading 17 Unused Serialized files (Serialized files now loaded: 0)
Unloading 17 unused Assets / (2.8 MB). Loaded Objects now: 3775.
Memory consumption went from 101.0 MB to 98.1 MB.
Total: 13.588400 ms (FindLiveObjects: 0.643400 ms CreateObjectMapping: 0.434900 ms MarkObjects: 10.923600 ms  DeleteObjects: 1.583300 ms)

Prepare: number of updated asset objects reloaded= 0
AssetImportParameters requested are different than current active one (requested -> active):
  custom:container-demuxer-ogg: 62fdf1f143b41e24485cea50d1cbac27 -> 
  custom:video-decoder-ogg-theora: a1e56fd34408186e4bbccfd4996cb3dc -> 
  custom:framework-win-MediaFoundation: 216162199b28c13a410421893ffa2e32 -> 
  custom:CustomObjectIndexerAttribute: 6d391050e5a25f67b0a2c618074f2cd9 -> 
  custom:container-demuxer-webm: 4f35f7cbe854078d1ac9338744f61a02 -> 
  custom:container-muxer-webm: aa71ff27fc2769a1b78a27578f13a17b -> 
  custom:video-decoder-webm-vp8: 9c59270c3fd7afecdb556c50c9e8de78 -> 
  custom:SearchIndexIgnoredProperties: e643bd26f0fe6173181afceb89e7c659 -> 
  custom:AudioImporter_EditorPlatform: d09bf68614088b80899f8185d706f6e7 -> 
  custom:video-encoder-webm-vp8: eb34c28f22e8b96e1ab97ce403110664 -> 
  custom:audio-decoder-ogg-vorbis: bf7c407c2cedff20999df2af8eb42d56 -> 
  custom:audio-encoder-webm-vorbis: bf7c407c2cedff20999df2af8eb42d56 -> 
