Сборка начата 23.09.2024 21:25:44.
Уровень детализации журнала: Normal.     1>Проект "D:\лабы\oc\lab4\lab4\os04_04\os04_04.vcxproj" в узле 2 (целевые объекты Build).
     1>PrepareForBuild:
         Структурированный вывод включен. Форматирование диагностики компилятора будет отражать иерархию ошибок. Подробнее см. https://aka.ms/cpp/structured-output.
         Создание каталога "x64\Debug\os04_04.tlog\".
       InitializeBuildStatus:
         Создание "x64\Debug\os04_04.tlog\unsuccessfulbuild", так как было задано "AlwaysCreate".
         Обращение к "x64\Debug\os04_04.tlog\unsuccessfulbuild".
       ClCompile:
         C:\Program Files\Microsoft Visual Studio\2022\Community\VC\Tools\MSVC\14.38.33130\bin\HostX64\x64\CL.exe /c /ZI /JMC /nologo /W3 /WX- /diagnostics:column /sdl /Od /D _DEBUG /D _CONSOLE /D _UNICODE /D UNICODE /Gm- /EHsc /RTC1 /MDd /GS /fp:precise /Zc:wchar_t /Zc:forScope /Zc:inline /permissive- /Fo"x64\Debug\\" /Fd"x64\Debug\vc143.pdb" /external:W3 /Gd /TP /FC /errorReport:prompt os04_04.cpp
         os04_04.cpp
       Link:
         C:\Program Files\Microsoft Visual Studio\2022\Community\VC\Tools\MSVC\14.38.33130\bin\HostX64\x64\link.exe /ERRORREPORT:PROMPT /OUT:"D:\лабы\oc\lab4\lab4\x64\Debug\os04_04.exe" /INCREMENTAL /ILK:"x64\Debug\os04_04.ilk" /NOLOGO kernel32.lib user32.lib gdi32.lib winspool.lib comdlg32.lib advapi32.lib shell32.lib ole32.lib oleaut32.lib uuid.lib odbc32.lib odbccp32.lib /MANIFEST /MANIFESTUAC:"level='asInvoker' uiAccess='false'" /manifest:embed /DEBUG /PDB:"D:\лабы\oc\lab4\lab4\x64\Debug\os04_04.pdb" /SUBSYSTEM:CONSOLE /TLBID:1 /DYNAMICBASE /NXCOMPAT /IMPLIB:"D:\лабы\oc\lab4\lab4\x64\Debug\os04_04.lib" /MACHINE:X64 x64\Debug\os04_04.obj
         os04_04.vcxproj -> D:\лабы\oc\lab4\lab4\x64\Debug\os04_04.exe
       FinalizeBuildStatus:
         Файл "x64\Debug\os04_04.tlog\unsuccessfulbuild" удаляется.
         Обращение к "x64\Debug\os04_04.tlog\os04_04.lastbuildstate".
     1>Сборка проекта "D:\лабы\oc\lab4\lab4\os04_04\os04_04.vcxproj" завершена (целевые объекты Build).

Сборка успешно завершена.
    Предупреждений: 0
    Ошибок: 0

Прошло времени 00:00:02.44
