Сборка начата 08.10.2024 20:02:09.
Уровень детализации журнала: Normal.     1>Проект "D:\лабы\oc\lab6\lab6\OS06_05A\OS06_05A.vcxproj" в узле 2 (целевые объекты Build).
     1>PrepareForBuild:
         Структурированный вывод включен. Форматирование диагностики компилятора будет отражать иерархию ошибок. Подробнее см. https://aka.ms/cpp/structured-output.
         Создание каталога "Debug\OS06_05A.tlog\".
       InitializeBuildStatus:
         Создание "Debug\OS06_05A.tlog\unsuccessfulbuild", так как было задано "AlwaysCreate".
         Обращение к "Debug\OS06_05A.tlog\unsuccessfulbuild".
       ClCompile:
         C:\Program Files\Microsoft Visual Studio\2022\Community\VC\Tools\MSVC\14.38.33130\bin\HostX86\x86\CL.exe /c /ZI /JMC /nologo /W3 /WX- /diagnostics:column /sdl /Od /Oy- /D WIN32 /D _DEBUG /D _CONSOLE /D _UNICODE /D UNICODE /Gm- /EHsc /RTC1 /MDd /GS /fp:precise /Zc:wchar_t /Zc:forScope /Zc:inline /permissive- /Fo"Debug\\" /Fd"Debug\vc143.pdb" /external:W3 /Gd /TP /analyze- /FC /errorReport:prompt OS06_05A.cpp
         OS06_05A.cpp
       Link:
         C:\Program Files\Microsoft Visual Studio\2022\Community\VC\Tools\MSVC\14.38.33130\bin\HostX86\x86\link.exe /ERRORREPORT:PROMPT /OUT:"D:\лабы\oc\lab6\lab6\Debug\OS06_05A.exe" /INCREMENTAL /ILK:"Debug\OS06_05A.ilk" /NOLOGO kernel32.lib user32.lib gdi32.lib winspool.lib comdlg32.lib advapi32.lib shell32.lib ole32.lib oleaut32.lib uuid.lib odbc32.lib odbccp32.lib /MANIFEST /MANIFESTUAC:"level='asInvoker' uiAccess='false'" /manifest:embed /DEBUG /PDB:"D:\лабы\oc\lab6\lab6\Debug\OS06_05A.pdb" /SUBSYSTEM:CONSOLE /TLBID:1 /DYNAMICBASE /NXCOMPAT /IMPLIB:"D:\лабы\oc\lab6\lab6\Debug\OS06_05A.lib" /MACHINE:X86 Debug\OS06_05A.obj
         OS06_05A.vcxproj -> D:\лабы\oc\lab6\lab6\Debug\OS06_05A.exe
       FinalizeBuildStatus:
         Файл "Debug\OS06_05A.tlog\unsuccessfulbuild" удаляется.
         Обращение к "Debug\OS06_05A.tlog\OS06_05A.lastbuildstate".
     1>Сборка проекта "D:\лабы\oc\lab6\lab6\OS06_05A\OS06_05A.vcxproj" завершена (целевые объекты Build).

Сборка успешно завершена.
    Предупреждений: 0
    Ошибок: 0

Прошло времени 00:00:01.34
