Сборка начата 10.09.2024 20:45:24.
Уровень детализации журнала: Normal.     1>Проект "D:\лабы\oc\lab2\lab2\lab2\lab2.vcxproj" в узле 2 (целевые объекты Build).
     1>PrepareForBuild:
         Структурированный вывод включен. Форматирование диагностики компилятора будет отражать иерархию ошибок. Подробнее см. https://aka.ms/cpp/structured-output.
       InitializeBuildStatus:
         Создание "x64\Debug\lab2.tlog\unsuccessfulbuild", так как было задано "AlwaysCreate".
         Обращение к "x64\Debug\lab2.tlog\unsuccessfulbuild".
       ClCompile:
         C:\Program Files\Microsoft Visual Studio\2022\Community\VC\Tools\MSVC\14.38.33130\bin\HostX64\x64\CL.exe /c /ZI /JMC /nologo /W3 /WX- /diagnostics:column /sdl /Od /D _DEBUG /D _CONSOLE /D _UNICODE /D UNICODE /Gm- /EHsc /RTC1 /MDd /GS /fp:precise /Zc:wchar_t /Zc:forScope /Zc:inline /permissive- /Fo"x64\Debug\\" /Fd"x64\Debug\vc143.pdb" /external:W3 /Gd /TC /FC /errorReport:prompt os_0005.c
         os_0005.c
     1>D:\лабы\oc\lab2\lab2\lab2\os_0005.c(7,27): warning C4013: getpid: нет определения; предполагается "extern" с возвратом типа "int"
       Link:
         C:\Program Files\Microsoft Visual Studio\2022\Community\VC\Tools\MSVC\14.38.33130\bin\HostX64\x64\link.exe /ERRORREPORT:PROMPT /OUT:"D:\лабы\oc\lab2\lab2\x64\Debug\lab2.exe" /INCREMENTAL /ILK:"x64\Debug\lab2.ilk" /NOLOGO kernel32.lib user32.lib gdi32.lib winspool.lib comdlg32.lib advapi32.lib shell32.lib ole32.lib oleaut32.lib uuid.lib odbc32.lib odbccp32.lib /MANIFEST /MANIFESTUAC:"level='asInvoker' uiAccess='false'" /manifest:embed /DEBUG /PDB:"D:\лабы\oc\lab2\lab2\x64\Debug\lab2.pdb" /SUBSYSTEM:CONSOLE /TLBID:1 /DYNAMICBASE /NXCOMPAT /IMPLIB:"D:\лабы\oc\lab2\lab2\x64\Debug\lab2.lib" /MACHINE:X64 x64\Debug\os_0005.obj
         lab2.vcxproj -> D:\лабы\oc\lab2\lab2\x64\Debug\lab2.exe
       FinalizeBuildStatus:
         Файл "x64\Debug\lab2.tlog\unsuccessfulbuild" удаляется.
         Обращение к "x64\Debug\lab2.tlog\lab2.lastbuildstate".
     1>Сборка проекта "D:\лабы\oc\lab2\lab2\lab2\lab2.vcxproj" завершена (целевые объекты Build).

Сборка успешно завершена.

       "D:\лабы\oc\lab2\lab2\lab2\lab2.vcxproj" (целевой объект Build ) (1) ->
       (Целевой объект ClCompile) -> 
         D:\лабы\oc\lab2\lab2\lab2\os_0005.c(7,27): warning C4013: getpid: нет определения; предполагается "extern" с возвратом типа "int"

    Предупреждений: 1
    Ошибок: 0

Прошло времени 00:00:00.88
