Сборка начата 22.11.2024 14:39:58.
Уровень детализации журнала: Normal.     1>Проект "D:\лабы\node\lab13\lab13-cpp\ClientT\ClientT.vcxproj" в узле 2 (целевые объекты Build).
     1>PrepareForBuild:
         Структурированный вывод включен. Форматирование диагностики компилятора будет отражать иерархию ошибок. Подробнее см. https://aka.ms/cpp/structured-output.
         Создание каталога "D:\лабы\node\lab13\lab13-cpp\x64\Debug\".
       InitializeBuildStatus:
         Создание "x64\Debug\ClientT.tlog\unsuccessfulbuild", так как было задано "AlwaysCreate".
         Обращение к "x64\Debug\ClientT.tlog\unsuccessfulbuild".
       ClCompile:
         C:\Program Files\Microsoft Visual Studio\2022\Community\VC\Tools\MSVC\14.38.33130\bin\HostX64\x64\CL.exe /c /ZI /JMC /nologo /W3 /WX- /diagnostics:column /sdl /Od /D _DEBUG /D _CONSOLE /D _UNICODE /D UNICODE /Gm- /EHsc /RTC1 /MDd /GS /fp:precise /Zc:wchar_t /Zc:forScope /Zc:inline /permissive- /Fo"x64\Debug\\" /Fd"x64\Debug\vc143.pdb" /external:W3 /Gd /TP /FC /errorReport:prompt ClientT.cpp Errors.cpp
         ClientT.cpp
     1>D:\лабы\node\lab13\lab13-cpp\ClientT\ClientT.cpp(38,66): warning C4267: аргумент: преобразование из "size_t" в "int"; возможна потеря данных
         Errors.cpp
         Создание кода...
       Link:
         C:\Program Files\Microsoft Visual Studio\2022\Community\VC\Tools\MSVC\14.38.33130\bin\HostX64\x64\link.exe /ERRORREPORT:PROMPT /OUT:"D:\лабы\node\lab13\lab13-cpp\x64\Debug\ClientT.exe" /INCREMENTAL /ILK:"x64\Debug\ClientT.ilk" /NOLOGO kernel32.lib user32.lib gdi32.lib winspool.lib comdlg32.lib advapi32.lib shell32.lib ole32.lib oleaut32.lib uuid.lib odbc32.lib odbccp32.lib /MANIFEST /MANIFESTUAC:"level='asInvoker' uiAccess='false'" /manifest:embed /DEBUG /PDB:"D:\лабы\node\lab13\lab13-cpp\x64\Debug\ClientT.pdb" /SUBSYSTEM:CONSOLE /TLBID:1 /DYNAMICBASE /NXCOMPAT /IMPLIB:"D:\лабы\node\lab13\lab13-cpp\x64\Debug\ClientT.lib" /MACHINE:X64 x64\Debug\ClientT.obj
         x64\Debug\Errors.obj
         LINK : не найден или не выполнена сборка D:\лабы\node\lab13\lab13-cpp\x64\Debug\ClientT.exe при последней инкрементной компоновке; выполняется полная компоновка
         ClientT.vcxproj -> D:\лабы\node\lab13\lab13-cpp\x64\Debug\ClientT.exe
       TlogCleanup:
         Следующие элементы будут удалены из tlogs, так как они были удалены из проекта или сборки: D:\лабы\псп\lab2\ClientT\ClientT.cpp.
       FinalizeBuildStatus:
         Файл "x64\Debug\ClientT.tlog\unsuccessfulbuild" удаляется.
         Обращение к "x64\Debug\ClientT.tlog\ClientT.lastbuildstate".
     1>Сборка проекта "D:\лабы\node\lab13\lab13-cpp\ClientT\ClientT.vcxproj" завершена (целевые объекты Build).

Сборка успешно завершена.

       "D:\лабы\node\lab13\lab13-cpp\ClientT\ClientT.vcxproj" (целевой объект Build ) (1) ->
       (Целевой объект ClCompile) -> 
         D:\лабы\node\lab13\lab13-cpp\ClientT\ClientT.cpp(38,66): warning C4267: аргумент: преобразование из "size_t" в "int"; возможна потеря данных

    Предупреждений: 1
    Ошибок: 0

Прошло времени 00:00:01.86
