Сборка начата 24.09.2024 10:21:40.
Уровень детализации журнала: Normal.     1>Проект "D:\лабы\oc\lab5\lab5\os05_02\os05_02.vcxproj" в узле 2 (целевые объекты Build).
     1>PrepareForBuild:
         Структурированный вывод включен. Форматирование диагностики компилятора будет отражать иерархию ошибок. Подробнее см. https://aka.ms/cpp/structured-output.
         Создание каталога "D:\лабы\oc\lab5\lab5\x64\Debug\".
         Создание каталога "x64\Debug\os05_02.tlog\".
       InitializeBuildStatus:
         Создание "x64\Debug\os05_02.tlog\unsuccessfulbuild", так как было задано "AlwaysCreate".
         Обращение к "x64\Debug\os05_02.tlog\unsuccessfulbuild".
       ClCompile:
         C:\Program Files\Microsoft Visual Studio\2022\Community\VC\Tools\MSVC\14.38.33130\bin\HostX64\x64\CL.exe /c /ZI /JMC /nologo /W3 /WX- /diagnostics:column /sdl /Od /D _DEBUG /D _CONSOLE /D _UNICODE /D UNICODE /Gm- /EHsc /RTC1 /MDd /GS /fp:precise /Zc:wchar_t /Zc:forScope /Zc:inline /permissive- /Fo"x64\Debug\\" /Fd"x64\Debug\vc143.pdb" /external:W3 /Gd /TP /FC /errorReport:prompt os05_02.cpp
         os05_02.cpp
       Link:
         C:\Program Files\Microsoft Visual Studio\2022\Community\VC\Tools\MSVC\14.38.33130\bin\HostX64\x64\link.exe /ERRORREPORT:PROMPT /OUT:"D:\лабы\oc\lab5\lab5\x64\Debug\os05_02.exe" /INCREMENTAL /ILK:"x64\Debug\os05_02.ilk" /NOLOGO kernel32.lib user32.lib gdi32.lib winspool.lib comdlg32.lib advapi32.lib shell32.lib ole32.lib oleaut32.lib uuid.lib odbc32.lib odbccp32.lib /MANIFEST /MANIFESTUAC:"level='asInvoker' uiAccess='false'" /manifest:embed /DEBUG /PDB:"D:\лабы\oc\lab5\lab5\x64\Debug\os05_02.pdb" /SUBSYSTEM:CONSOLE /TLBID:1 /DYNAMICBASE /NXCOMPAT /IMPLIB:"D:\лабы\oc\lab5\lab5\x64\Debug\os05_02.lib" /MACHINE:X64 x64\Debug\os05_02.obj
         os05_02.vcxproj -> D:\лабы\oc\lab5\lab5\x64\Debug\os05_02.exe
       FinalizeBuildStatus:
         Файл "x64\Debug\os05_02.tlog\unsuccessfulbuild" удаляется.
         Обращение к "x64\Debug\os05_02.tlog\os05_02.lastbuildstate".
     1>Сборка проекта "D:\лабы\oc\lab5\lab5\os05_02\os05_02.vcxproj" завершена (целевые объекты Build).

Сборка успешно завершена.
    Предупреждений: 0
    Ошибок: 0

Прошло времени 00:00:01.00
