Сборка начата 23.10.2024 12:00:22.
Уровень детализации журнала: Normal.     1>Проект "D:\лабы\oc\lab8\lab8\OS08_02\OS08_02.vcxproj" в узле 2 (целевые объекты Build).
     1>PrepareForBuild:
         Структурированный вывод включен. Форматирование диагностики компилятора будет отражать иерархию ошибок. Подробнее см. https://aka.ms/cpp/structured-output.
       InitializeBuildStatus:
         Создание "x64\Debug\OS08_02.tlog\unsuccessfulbuild", так как было задано "AlwaysCreate".
         Обращение к "x64\Debug\OS08_02.tlog\unsuccessfulbuild".
       ClCompile:
         Для всех выходных данных обновления не требуется.
       Link:
         Для всех выходных данных обновления не требуется.
         C:\Program Files\Microsoft Visual Studio\2022\Community\VC\Tools\MSVC\14.38.33130\bin\HostX64\x64\link.exe /ERRORREPORT:PROMPT /OUT:"D:\лабы\oc\lab8\lab8\x64\Debug\OS08_02.exe" /INCREMENTAL /ILK:"x64\Debug\OS08_02.ilk" /NOLOGO kernel32.lib user32.lib gdi32.lib winspool.lib comdlg32.lib advapi32.lib shell32.lib ole32.lib oleaut32.lib uuid.lib odbc32.lib odbccp32.lib /MANIFEST /MANIFESTUAC:"level='asInvoker' uiAccess='false'" /manifest:embed /DEBUG /PDB:"D:\лабы\oc\lab8\lab8\x64\Debug\OS08_02.pdb" /SUBSYSTEM:CONSOLE /TLBID:1 /DYNAMICBASE /NXCOMPAT /IMPLIB:"D:\лабы\oc\lab8\lab8\x64\Debug\OS08_02.lib" /MACHINE:X64 x64\Debug\OS08_02.obj
         OS08_02.vcxproj -> D:\лабы\oc\lab8\lab8\x64\Debug\OS08_02.exe
       FinalizeBuildStatus:
         Файл "x64\Debug\OS08_02.tlog\unsuccessfulbuild" удаляется.
         Обращение к "x64\Debug\OS08_02.tlog\OS08_02.lastbuildstate".
     1>Сборка проекта "D:\лабы\oc\lab8\lab8\OS08_02\OS08_02.vcxproj" завершена (целевые объекты Build).

Сборка успешно завершена.
    Предупреждений: 0
    Ошибок: 0

Прошло времени 00:00:00.70
